Using pre-set license
Built from '2020.3/staging' branch; Version is '2020.3.5f1 (8095aa901b9b) revision 8426922'; Using compiler version '192528614'; Build Type 'Release'
OS: 'Windows 10 Home Single Language; OS build 19042.631; Version 2009; 64bit' Language: 'ru' Physical Memory: 6081 MB
BatchMode: 1, IsHumanControllingUs: 0, StartBugReporterOnCrash: 0, Is64bit: 1, IsPro: 0

 COMMAND LINE ARGUMENTS:
C:\Program Files\Unity\Hub\Editor\2020.3.5f1\Editor\Unity.exe
-adb2
-batchMode
-noUpm
-name
AssetImportWorker0
-projectPath
C:/Users/79024/Desktop/project/project/project
-logFile
Logs/AssetImportWorker0.log
-srvPort
57301
Successfully changed project path to: C:/Users/79024/Desktop/project/project/project
C:/Users/79024/Desktop/project/project/project
Using Asset Import Pipeline V2.
Refreshing native plugins compatible for Editor in 107.79 ms, found 1 plugins.
Preloading 0 native plugins for Editor in 0.00 ms.
Initialize engine version: 2020.3.5f1 (8095aa901b9b)
[Subsystems] Discovering subsystems at path C:/Program Files/Unity/Hub/Editor/2020.3.5f1/Editor/Data/Resources/UnitySubsystems
[Subsystems] Discovering subsystems at path C:/Users/79024/Desktop/project/project/project/Assets
GfxDevice: creating device client; threaded=0
Direct3D:
    Version:  Direct3D 11.0 [level 11.1]
    Renderer: AMD Radeon (TM) 625 (ID=0x6900)
    Vendor:   
    VRAM:     2038 MB
    Driver:   27.20.11030.11001
Initialize mono
Mono path[0] = 'C:/Program Files/Unity/Hub/Editor/2020.3.5f1/Editor/Data/Managed'
Mono path[1] = 'C:/Program Files/Unity/Hub/Editor/2020.3.5f1/Editor/Data/MonoBleedingEdge/lib/mono/unityjit'
Mono config path = 'C:/Program Files/Unity/Hub/Editor/2020.3.5f1/Editor/Data/MonoBleedingEdge/etc'
Using monoOptions --debugger-agent=transport=dt_socket,embedding=1,server=y,suspend=n,address=127.0.0.1:56296
Begin MonoManager ReloadAssembly
Registering precompiled unity dll's ...
Register platform support module: C:/Program Files/Unity/Hub/Editor/2020.3.5f1/Editor/Data/PlaybackEngines/WindowsStandaloneSupport/UnityEditor.WindowsStandalone.Extensions.dll
Registered in 0.005441 seconds.
Native extension for WindowsStandalone target not found
Refreshing native plugins compatible for Editor in 110.31 ms, found 1 plugins.
Preloading 0 native plugins for Editor in 0.00 ms.
Mono: successfully reloaded assembly
- Completed reload, in  3.251 seconds
Platform modules already initialized, skipping
Registering precompiled user dll's ...
Registered in 0.002534 seconds.
Begin MonoManager ReloadAssembly
Native extension for WindowsStandalone target not found
Refreshing native plugins compatible for Editor in 102.79 ms, found 1 plugins.
Preloading 0 native plugins for Editor in 0.00 ms.
Mono: successfully reloaded assembly
- Completed reload, in  2.519 seconds
Platform modules already initialized, skipping
========================================================================
Worker process is ready to serve import requests
Launched and connected shader compiler UnityShaderCompiler.exe after 1.89 seconds
Refreshing native plugins compatible for Editor in 1.00 ms, found 1 plugins.
Preloading 0 native plugins for Editor in 0.00 ms.
Unloading 1826 Unused Serialized files (Serialized files now loaded: 0)
System memory in use before: 85.6 MB.
System memory in use after: 85.6 MB.

Unloading 24 unused Assets to reduce memory usage. Loaded Objects now: 2267.
Total: 5.640200 ms (FindLiveObjects: 1.005600 ms CreateObjectMapping: 0.118300 ms MarkObjects: 4.137800 ms  DeleteObjects: 0.374700 ms)

========================================================================
Received Import Request.
  path: Assets/Scenes/FirstMapScene.unity
  artifactKey: Guid(5cd331138b5fc234d8363872e1fe0d5f) Importer(815301076,1909f56bfc062723c751e8b465ee728b)
Start importing Assets/Scenes/FirstMapScene.unity using Guid(5cd331138b5fc234d8363872e1fe0d5f) Importer(815301076,1909f56bfc062723c751e8b465ee728b)  -> (artifact id: '84c3bb383dc94a8a63500658423d05e7') in 0.051131 seconds
  Import took 0.057162 seconds .

========================================================================
Received Import Request.
  Time since last request: 0.000451 seconds.
  path: Assets/Scenes
  artifactKey: Guid(fe0e1ddf2e402a640a446386e9fd8397) Importer(815301076,1909f56bfc062723c751e8b465ee728b)
Start importing Assets/Scenes using Guid(fe0e1ddf2e402a640a446386e9fd8397) Importer(815301076,1909f56bfc062723c751e8b465ee728b)  -> (artifact id: '125e50256e8fa89004b50897b2c1cf8a') in 0.035709 seconds
  Import took 0.095662 seconds .

AssetImportWorkerClient::OnTransportError - code=2 error=End of file
